<?xml version="1.0" encoding="UTF-8"?>
<testsuite name="ParserTest" tests="3" skipped="0" failures="0" errors="0" timestamp="2025-04-24T14:06:16" hostname="DESKTOP-F0KTG30" time="0.017">
  <properties/>
  <testcase name="testSortByName()" classname="ParserTest" time="0.011"/>
  <testcase name="testSortByRating()" classname="ParserTest" time="0.002"/>
  <testcase name="testSortByPrice()" classname="ParserTest" time="0.002"/>
  <system-out><![CDATA[]]></system-out>
  <system-err><![CDATA[]]></system-err>
</testsuite>
